Using pre-set license
Built from '2020.3/staging' branch; Version is '2020.3.13f1 (71691879b7f5) revision 7432472'; Using compiler version '192528614'; Build Type 'Release'
OS: 'Windows 10 Home; OS build 19042.1165; Version 2009; 64bit' Language: 'en' Physical Memory: 8111 MB
BatchMode: 1, IsHumanControllingUs: 0, StartBugReporterOnCrash: 0, Is64bit: 1, IsPro: 0

 COMMAND LINE ARGUMENTS:
C:\Program Files\Unity\Hub\Editor\2020.3.13f1\Editor\Unity.exe
-adb2
-batchMode
-noUpm
-name
AssetImportWorker0
-projectPath
C:/Users/q24xb/Documents/Unity/Attravity
-logFile
Logs/AssetImportWorker0.log
-srvPort
64098
Successfully changed project path to: C:/Users/q24xb/Documents/Unity/Attravity
C:/Users/q24xb/Documents/Unity/Attravity
Using Asset Import Pipeline V2.
Refreshing native plugins compatible for Editor in 49.82 ms, found 3 plugins.
Preloading 0 native plugins for Editor in 0.00 ms.
Initialize engine version: 2020.3.13f1 (71691879b7f5)
[Subsystems] Discovering subsystems at path C:/Program Files/Unity/Hub/Editor/2020.3.13f1/Editor/Data/Resources/UnitySubsystems
[Subsystems] Discovering subsystems at path C:/Users/q24xb/Documents/Unity/Attravity/Assets
GfxDevice: creating device client; threaded=0
Direct3D:
    Version:  Direct3D 11.0 [level 11.1]
    Renderer: NVIDIA GeForce GTX 1650 (ID=0x1f91)
    Vendor:   
    VRAM:     3962 MB
    Driver:   27.21.14.5749
Initialize mono
Mono path[0] = 'C:/Program Files/Unity/Hub/Editor/2020.3.13f1/Editor/Data/Managed'
Mono path[1] = 'C:/Program Files/Unity/Hub/Editor/2020.3.13f1/Editor/Data/MonoBleedingEdge/lib/mono/unityjit'
Mono config path = 'C:/Program Files/Unity/Hub/Editor/2020.3.13f1/Editor/Data/MonoBleedingEdge/etc'
Using monoOptions --debugger-agent=transport=dt_socket,embedding=1,server=y,suspend=n,address=127.0.0.1:56596
Begin MonoManager ReloadAssembly
Registering precompiled unity dll's ...
Register platform support module: C:/Program Files/Unity/Hub/Editor/2020.3.13f1/Editor/Data/PlaybackEngines/WindowsStandaloneSupport/UnityEditor.WindowsStandalone.Extensions.dll
Registered in 0.002585 seconds.
Native extension for WindowsStandalone target not found
Refreshing native plugins compatible for Editor in 36.59 ms, found 3 plugins.
Preloading 0 native plugins for Editor in 0.00 ms.
Mono: successfully reloaded assembly
- Completed reload, in  1.219 seconds
Platform modules already initialized, skipping
Registering precompiled user dll's ...
Registered in 0.004245 seconds.
Begin MonoManager ReloadAssembly
Native extension for WindowsStandalone target not found
Refreshing native plugins compatible for Editor in 42.46 ms, found 3 plugins.
Preloading 0 native plugins for Editor in 0.00 ms.
Mono: successfully reloaded assembly
- Completed reload, in  1.229 seconds
Platform modules already initialized, skipping
========================================================================
Worker process is ready to serve import requests
Launched and connected shader compiler UnityShaderCompiler.exe after 0.06 seconds
Refreshing native plugins compatible for Editor in 0.50 ms, found 3 plugins.
Preloading 0 native plugins for Editor in 0.00 ms.
Unloading 2093 Unused Serialized files (Serialized files now loaded: 0)
System memory in use before: 93.1 MB.
System memory in use after: 93.2 MB.

Unloading 28 unused Assets to reduce memory usage. Loaded Objects now: 2532.
Total: 2.385800 ms (FindLiveObjects: 0.188700 ms CreateObjectMapping: 0.063300 ms MarkObjects: 2.047300 ms  DeleteObjects: 0.085800 ms)

AssetImportParameters requested are different than current active one (requested -> active):
  custom:framework-win-MediaFoundation: 216162199b28c13a410421893ffa2e32 -> 
  custom:video-decoder-ogg-theora: a1e56fd34408186e4bbccfd4996cb3dc -> 
  custom:container-muxer-webm: aa71ff27fc2769a1b78a27578f13a17b -> 
  custom:container-demuxer-webm: 4f35f7cbe854078d1ac9338744f61a02 -> 
  custom:container-demuxer-ogg: 62fdf1f143b41e24485cea50d1cbac27 -> 
  custom:video-encoder-webm-vp8: eb34c28f22e8b96e1ab97ce403110664 -> 
  custom:video-codec-MediaFoundation-h265: 746d11721c4dcdbdad8f713fa42b33f4 -> 
  custom:video-decoder-webm-vp8: 9c59270c3fd7afecdb556c50c9e8de78 -> 
  custom:audio-decoder-ogg-vorbis: bf7c407c2cedff20999df2af8eb42d56 -> 
  custom:audio-encoder-webm-vorbis: bf7c407c2cedff20999df2af8eb42d56 -> 
========================================================================
Received Import Request.
  path: Assets/Scripts/Utils/SortingLayer.cs
  artifactKey: Guid(439937e5ca63bee4f95a96bef6b46b14) Importer(815301076,1909f56bfc062723c751e8b465ee728b)
Start importing Assets/Scripts/Utils/SortingLayer.cs using Guid(439937e5ca63bee4f95a96bef6b46b14) Importer(815301076,1909f56bfc062723c751e8b465ee728b)  -> (artifact id: '6a487ed90b5778a443df646499373d2e') in 0.063046 seconds 
  Import took 0.066706 seconds .

========================================================================
Received Import Request.
  Time since last request: 16.347236 seconds.
  path: Assets/Scripts/Utils/SortingLayer.cs
  artifactKey: Guid(439937e5ca63bee4f95a96bef6b46b14) Importer(815301076,1909f56bfc062723c751e8b465ee728b)
Start importing Assets/Scripts/Utils/SortingLayer.cs using Guid(439937e5ca63bee4f95a96bef6b46b14) Importer(815301076,1909f56bfc062723c751e8b465ee728b)  -> (artifact id: 'd706cf887273bdfd28a7c6c1889ef4bf') in 0.003320 seconds 
  Import took 0.009326 seconds .

========================================================================
Received Import Request.
  Time since last request: 0.002442 seconds.
  path: Assets/Scripts/Utils/SortingLayer.cs
  artifactKey: Guid(439937e5ca63bee4f95a96bef6b46b14) Importer(815301076,1909f56bfc062723c751e8b465ee728b)
Start importing Assets/Scripts/Utils/SortingLayer.cs using Guid(439937e5ca63bee4f95a96bef6b46b14) Importer(815301076,1909f56bfc062723c751e8b465ee728b)  -> (artifact id: 'd706cf887273bdfd28a7c6c1889ef4bf') in 0.003668 seconds 
  Import took 0.008176 seconds .

========================================================================
Received Import Request.
  Time since last request: 1.186967 seconds.
  path: Assets/Scripts/Utils/SortingLayer.cs
  artifactKey: Guid(439937e5ca63bee4f95a96bef6b46b14) Importer(815301076,1909f56bfc062723c751e8b465ee728b)
Start importing Assets/Scripts/Utils/SortingLayer.cs using Guid(439937e5ca63bee4f95a96bef6b46b14) Importer(815301076,1909f56bfc062723c751e8b465ee728b)  -> (artifact id: '5f76375a142c56170fd3b46f65af17ff') in 0.003753 seconds 
  Import took 0.010703 seconds .

========================================================================
Received Import Request.
  Time since last request: 49.764833 seconds.
  path: Assets/Scripts/Utils/SortingLayer.cs
  artifactKey: Guid(439937e5ca63bee4f95a96bef6b46b14) Importer(815301076,1909f56bfc062723c751e8b465ee728b)
Start importing Assets/Scripts/Utils/SortingLayer.cs using Guid(439937e5ca63bee4f95a96bef6b46b14) Importer(815301076,1909f56bfc062723c751e8b465ee728b)  -> (artifact id: '424c8e4bfd33aa13ac11e35783619e58') in 0.003302 seconds 
  Import took 0.008109 seconds .

========================================================================
Received Import Request.
  Time since last request: 0.001718 seconds.
  path: Assets/Scripts/Utils/SortingLayer.cs
  artifactKey: Guid(439937e5ca63bee4f95a96bef6b46b14) Importer(815301076,1909f56bfc062723c751e8b465ee728b)
Start importing Assets/Scripts/Utils/SortingLayer.cs using Guid(439937e5ca63bee4f95a96bef6b46b14) Importer(815301076,1909f56bfc062723c751e8b465ee728b)  -> (artifact id: '424c8e4bfd33aa13ac11e35783619e58') in 0.002823 seconds 
  Import took 0.007040 seconds .

========================================================================
Received Import Request.
  Time since last request: 38.003405 seconds.
  path: Assets/Scripts/Utils/LayerType.cs
  artifactKey: Guid(439937e5ca63bee4f95a96bef6b46b14) Importer(815301076,1909f56bfc062723c751e8b465ee728b)
Start importing Assets/Scripts/Utils/LayerType.cs using Guid(439937e5ca63bee4f95a96bef6b46b14) Importer(815301076,1909f56bfc062723c751e8b465ee728b)  -> (artifact id: '99ac270c961b6c52d4eca538993d6073') in 0.007438 seconds 
  Import took 0.047058 seconds .

========================================================================
Received Import Request.
  Time since last request: 5.667945 seconds.
  path: Assets/Scripts/Utils/LayerType.cs
  artifactKey: Guid(439937e5ca63bee4f95a96bef6b46b14) Importer(815301076,1909f56bfc062723c751e8b465ee728b)
Start importing Assets/Scripts/Utils/LayerType.cs using Guid(439937e5ca63bee4f95a96bef6b46b14) Importer(815301076,1909f56bfc062723c751e8b465ee728b)  -> (artifact id: '4d877d91d2bfa3f81e765c81c7523d0d') in 0.003530 seconds 
  Import took 0.008921 seconds .

========================================================================
Received Prepare
Registering precompiled user dll's ...
Registered in 0.005683 seconds.
Begin MonoManager ReloadAssembly
Native extension for WindowsStandalone target not found
Refreshing native plugins compatible for Editor in 0.52 ms, found 3 plugins.
Preloading 0 native plugins for Editor in 0.00 ms.
Mono: successfully reloaded assembly
- Completed reload, in  1.324 seconds
Platform modules already initialized, skipping
Refreshing native plugins compatible for Editor in 0.54 ms, found 3 plugins.
Preloading 0 native plugins for Editor in 0.00 ms.
Unloading 2083 Unused Serialized files (Serialized files now loaded: 0)
System memory in use before: 92.6 MB.
System memory in use after: 92.7 MB.

Unloading 16 unused Assets to reduce memory usage. Loaded Objects now: 2535.
Total: 2.994800 ms (FindLiveObjects: 0.208500 ms CreateObjectMapping: 0.093500 ms MarkObjects: 2.670100 ms  DeleteObjects: 0.021500 ms)

AssetImportParameters requested are different than current active one (requested -> active):
  custom:framework-win-MediaFoundation: 216162199b28c13a410421893ffa2e32 -> 
  custom:video-decoder-ogg-theora: a1e56fd34408186e4bbccfd4996cb3dc -> 
  custom:container-muxer-webm: aa71ff27fc2769a1b78a27578f13a17b -> 
  custom:container-demuxer-webm: 4f35f7cbe854078d1ac9338744f61a02 -> 
  custom:container-demuxer-ogg: 62fdf1f143b41e24485cea50d1cbac27 -> 
  custom:video-encoder-webm-vp8: eb34c28f22e8b96e1ab97ce403110664 -> 
  custom:video-codec-MediaFoundation-h265: 746d11721c4dcdbdad8f713fa42b33f4 -> 
  custom:video-decoder-webm-vp8: 9c59270c3fd7afecdb556c50c9e8de78 -> 
  custom:audio-decoder-ogg-vorbis: bf7c407c2cedff20999df2af8eb42d56 -> 
  custom:audio-encoder-webm-vorbis: bf7c407c2cedff20999df2af8eb42d56 -> 
AssetImportWorkerClient::OnTransportError - code=2 error=End of file
